<?xml version="1.0" encoding="UTF-8"?>
<!-- Generated by org.testng.reporters.JUnitXMLReporter -->
<testsuite ignored="0" hostname="DESKTOP-GDG7MDL" failures="0" tests="2" name="Test1" time="43.076" errors="0" timestamp="2023-03-08T12:39:46 IST">
  <testcase classname="Testng.BaseClassPOMCreateContactwithOrganizationWITHGUTest" name="createContactwithOrganizationTest" time="23.662"/>
  <testcase classname="Testng.BaseClassPOMCreateContactwithOrganizationWITHGUTest" name="demo" time="0.001"/>
</testsuite> <!-- Test1 -->
