<?xml version="1.0" encoding="UTF-8"?>
<testng-results ignored="0" total="1" passed="1" failed="0" skipped="0">
  <reporter-output>
  </reporter-output>
  <suite started-at="2023-03-30T00:01:26 IST" name="Suite" finished-at="2023-03-30T00:01:26 IST" duration-ms="63">
    <groups>
    </groups>
    <test started-at="2023-03-30T00:01:26 IST" name="Test" finished-at="2023-03-30T00:01:26 IST" duration-ms="63">
      <class name="practice.readData">
        <test-method signature="sss()[pri:0, instance:practice.readData@47987356]" started-at="2023-03-30T00:01:26 IST" name="sss" finished-at="2023-03-30T00:01:26 IST" duration-ms="13" status="PASS">
          <reporter-output>
          </reporter-output>
        </test-method> <!-- sss -->
      </class> <!-- practice.readData -->
    </test> <!-- Test -->
  </suite> <!-- Suite -->
</testng-results>
